Determining if the pthread_create exist failed with the following output:
Change Dir: /home/adp/catkin_ws/build/CMakeFiles/CMakeTmp

Run Build Command:"/usr/bin/make" "cmTC_1869f/fast"
/usr/bin/make -f CMakeFiles/cmTC_1869f.dir/build.make CMakeFiles/cmTC_1869f.dir/build
make[1]: ディレクトリ '/home/adp/catkin_ws/build/CMakeFiles/CMakeTmp' に入ります
Building C object CMakeFiles/cmTC_1869f.dir/CheckSymbolExists.c.o
/usr/bin/cc    -o CMakeFiles/cmTC_1869f.dir/CheckSymbolExists.c.o   -c /home/adp/catkin_ws/build/CMakeFiles/CMakeTmp/CheckSymbolExists.c
Linking C executable cmTC_1869f
/usr/bin/cmake -E cmake_link_script CMakeFiles/cmTC_1869f.dir/link.txt --verbose=1
/usr/bin/cc      -rdynamic CMakeFiles/cmTC_1869f.dir/CheckSymbolExists.c.o  -o cmTC_1869f 
CMakeFiles/cmTC_1869f.dir/CheckSymbolExists.c.o: 関数 `main' 内:
CheckSymbolExists.c:(.text+0x14): `pthread_create' に対する定義されていない参照です
CheckSymbolExists.c:(.text+0x18): `pthread_create' に対する定義されていない参照です
collect2: error: ld returned 1 exit status
CMakeFiles/cmTC_1869f.dir/build.make:97: recipe for target 'cmTC_1869f' failed
make[1]: *** [cmTC_1869f] Error 1
make[1]: ディレクトリ '/home/adp/catkin_ws/build/CMakeFiles/CMakeTmp' から出ます
Makefile:126: recipe for target 'cmTC_1869f/fast' failed
make: *** [cmTC_1869f/fast] Error 2

File /home/adp/catkin_ws/build/CMakeFiles/CMakeTmp/CheckSymbolExists.c:
/* */
#include <pthread.h>

int main(int argc, char** argv)
{
  (void)argv;
#ifndef pthread_create
  return ((int*)(&pthread_create))[argc];
#else
  (void)argc;
  return 0;
#endif
}

Determining if the function pthread_create exists in the pthreads failed with the following output:
Change Dir: /home/adp/catkin_ws/build/CMakeFiles/CMakeTmp

Run Build Command:"/usr/bin/make" "cmTC_fbc93/fast"
/usr/bin/make -f CMakeFiles/cmTC_fbc93.dir/build.make CMakeFiles/cmTC_fbc93.dir/build
make[1]: ディレクトリ '/home/adp/catkin_ws/build/CMakeFiles/CMakeTmp' に入ります
Building C object CMakeFiles/cmTC_fbc93.dir/CheckFunctionExists.c.o
/usr/bin/cc   -DCHECK_FUNCTION_EXISTS=pthread_create   -o CMakeFiles/cmTC_fbc93.dir/CheckFunctionExists.c.o   -c /usr/share/cmake-3.10/Modules/CheckFunctionExists.c
Linking C executable cmTC_fbc93
/usr/bin/cmake -E cmake_link_script CMakeFiles/cmTC_fbc93.dir/link.txt --verbose=1
/usr/bin/cc  -DCHECK_FUNCTION_EXISTS=pthread_create    -rdynamic CMakeFiles/cmTC_fbc93.dir/CheckFunctionExists.c.o  -o cmTC_fbc93 -lpthreads 
/usr/bin/ld: -lpthreads が見つかりません
collect2: error: ld returned 1 exit status
CMakeFiles/cmTC_fbc93.dir/build.make:97: recipe for target 'cmTC_fbc93' failed
make[1]: *** [cmTC_fbc93] Error 1
make[1]: ディレクトリ '/home/adp/catkin_ws/build/CMakeFiles/CMakeTmp' から出ます
Makefile:126: recipe for target 'cmTC_fbc93/fast' failed
make: *** [cmTC_fbc93/fast] Error 2


